INFO:root:2021/06/19 11:48:30 Logger initialized.
INFO:root:2021/06/19 11:48:30 Tflite Interpreter initialized.
INFO:root:2021/06/19 11:48:30 Model prepared.
INFO:root:2021/06/19 11:48:30 Loaded image queue: To-Do--complete list of loaded images here
INFO:root:2021/06/19 11:48:30 Preprocessed image: To-Do--Filename
INFO:root:2021/06/19 11:48:30 Ran inference for image: To-Do--Filename
INFO:root:2021/06/19 11:48:31 Exported results for image: To-Do--Filename
INFO:root:2021/06/19 11:48:32 Preprocessed image: To-Do--Filename
INFO:root:2021/06/19 11:48:32 Ran inference for image: To-Do--Filename
INFO:root:2021/06/19 11:48:35 Exported results for image: To-Do--Filename
INFO:root:2021/06/19 11:49:19 Logger initialized.
INFO:root:2021/06/19 11:49:19 Tflite Interpreter initialized.
INFO:root:2021/06/19 11:49:19 Model prepared.
INFO:root:2021/06/19 11:49:19 Loaded image queue: To-Do--complete list of loaded images here
INFO:root:2021/06/19 11:49:19 Preprocessed image: To-Do--Filename
INFO:root:2021/06/19 11:49:19 Ran inference for image: To-Do--Filename
INFO:root:2021/06/19 11:49:19 Exported results for image: To-Do--Filename
INFO:root:2021/06/19 11:49:20 Preprocessed image: To-Do--Filename
INFO:root:2021/06/19 11:49:20 Ran inference for image: To-Do--Filename
INFO:root:2021/06/19 11:49:23 Exported results for image: To-Do--Filename
INFO:root:2021/06/19 11:51:11 Logger initialized.
INFO:root:2021/06/19 11:51:11 Tflite Interpreter initialized.
INFO:root:2021/06/19 11:51:11 Model prepared.
INFO:root:2021/06/19 11:51:11 Loaded image queue: To-Do--complete list of loaded images here
INFO:root:2021/06/19 11:51:11 Preprocessed image: To-Do--Filename
INFO:root:2021/06/19 11:51:11 Ran inference for image: To-Do--Filename
INFO:root:2021/06/19 11:51:11 Exported results for image: To-Do--Filename
INFO:root:2021/06/19 11:51:12 Preprocessed image: To-Do--Filename
INFO:root:2021/06/19 11:51:12 Ran inference for image: To-Do--Filename
INFO:root:2021/06/19 11:51:15 Exported results for image: To-Do--Filename
INFO:root:2021/06/19 11:55:58 Logger initialized.
INFO:root:2021/06/19 11:55:58 Tflite Interpreter initialized.
INFO:root:2021/06/19 11:55:58 Model prepared.
INFO:root:2021/06/19 11:55:58 Loaded image queue: To-Do--complete list of loaded images here
INFO:root:2021/06/19 11:55:58 Preprocessed image: To-Do--Filename
INFO:root:2021/06/19 11:56:03 Ran inference for image: To-Do--Filename
INFO:root:2021/06/19 11:56:03 Exported results for image: To-Do--Filename
INFO:root:2021/06/19 11:56:04 Preprocessed image: To-Do--Filename
INFO:root:2021/06/19 11:56:08 Ran inference for image: To-Do--Filename
INFO:root:2021/06/19 11:56:11 Exported results for image: To-Do--Filename
